<?xml version="1.0" encoding="utf-8"?>
<TestRun id="ad51cac6-cc78-456f-83b6-97f8212d2ecf" name="dev@DEV-DESKTOP 2024-11-12 22:57:01" runUser="DEV-DESKTOP\dev" xmlns="http://microsoft.com/schemas/VisualStudio/TeamTest/2010">
  <Times creation="2024-11-12T22:57:01.9583481+00:00" queuing="2024-11-12T22:57:01.9583483+00:00" start="2024-11-12T22:57:00.2815886+00:00" finish="2024-11-12T22:57:01.9869963+00:00" />
  <TestSettings name="default" id="7d975068-7eaf-45ab-a97a-117c143bb587">
    <Deployment runDeploymentRoot="DEV-DESKTOP_2024-11-12_22_57_01" />
  </TestSettings>
  <Results>
    <UnitTestResult executionId="fc3e3831-056e-43c0-b332-e6dcacec05aa" testId="64cef5f2-ef71-a37c-f9df-3f03d7849295" testName="XUnitSample.DataDriven.Two_pass_one_fails(arg: 0)" computerName="DEV-DESKTOP" duration="00:00:00.0000045" startTime="2024-11-12T22:57:01.9019481+00:00" endTime="2024-11-12T22:57:01.9019482+00:00" testType="13cdc9d9-ddb5-4fa4-a97d-d965ccfc6d4b" outcome="Passed" testListId="8c84fa94-04c1-424b-9868-57a2d4851a1d" relativeResultsDirectory="fc3e3831-056e-43c0-b332-e6dcacec05aa" />
    <UnitTestResult executionId="43123271-a0a0-464d-b840-bac736b7b2c4" testId="932cdb9b-c6e1-1aa1-ab25-7b1cf6c0a872" testName="XUnitSample.DataDriven.Failing_test" computerName="DEV-DESKTOP" duration="00:00:00.0001631" startTime="2024-11-12T22:57:01.9015623+00:00" endTime="2024-11-12T22:57:01.9015624+00:00" testType="13cdc9d9-ddb5-4fa4-a97d-d965ccfc6d4b" outcome="Failed" testListId="8c84fa94-04c1-424b-9868-57a2d4851a1d" relativeResultsDirectory="43123271-a0a0-464d-b840-bac736b7b2c4">
      <Output>
        <ErrorInfo>
          <Message>Failing for demo purposes&#xD;
Expected: True&#xD;
Actual:   False</Message>
          <StackTrace>   at XUnitSample.DataDriven.Failing_test() in C:\projects\trx2junit\samples\XUnitSample\DataDriven.cs:line 26&#xD;
   at System.RuntimeMethodHandle.InvokeMethod(Object target, Void** arguments, Signature sig, Boolean isConstructor)&#xD;
   at System.Reflection.MethodBaseInvoker.InvokeWithNoArgs(Object obj, BindingFlags invokeAttr)</StackTrace>
        </ErrorInfo>
      </Output>
    </UnitTestResult>
    <UnitTestResult executionId="ff61a42d-c0d8-442b-83a4-4ccbe7f75202" testId="5eb02706-c05c-c61c-b55d-e0cf11c1ff83" testName="XUnitSample.MemberData.Failing_test" computerName="DEV-DESKTOP" duration="00:00:00.0015195" startTime="2024-11-12T22:57:00.9031372+00:00" endTime="2024-11-12T22:57:00.9031373+00:00" testType="13cdc9d9-ddb5-4fa4-a97d-d965ccfc6d4b" outcome="Failed" testListId="8c84fa94-04c1-424b-9868-57a2d4851a1d" relativeResultsDirectory="ff61a42d-c0d8-442b-83a4-4ccbe7f75202">
      <Output>
        <ErrorInfo>
          <Message>Failing for demo purposes&#xD;
Expected: True&#xD;
Actual:   False</Message>
          <StackTrace>   at XUnitSample.MemberData.Failing_test() in C:\projects\trx2junit\samples\XUnitSample\MemberData.cs:line 32&#xD;
   at System.RuntimeMethodHandle.InvokeMethod(Object target, Void** arguments, Signature sig, Boolean isConstructor)&#xD;
   at System.Reflection.MethodBaseInvoker.InvokeWithNoArgs(Object obj, BindingFlags invokeAttr)</StackTrace>
        </ErrorInfo>
      </Output>
    </UnitTestResult>
    <UnitTestResult executionId="2eebf21c-55e7-4924-8282-046c5f9023e5" testId="e73bdfc4-d932-676a-10b0-66bc277da6a8" testName="XUnitSample.DataDriven.Two_pass_one_fails(arg: 2)" computerName="DEV-DESKTOP" duration="00:00:00.0004657" startTime="2024-11-12T22:57:01.9019128+00:00" endTime="2024-11-12T22:57:01.9019128+00:00" testType="13cdc9d9-ddb5-4fa4-a97d-d965ccfc6d4b" outcome="Passed" testListId="8c84fa94-04c1-424b-9868-57a2d4851a1d" relativeResultsDirectory="2eebf21c-55e7-4924-8282-046c5f9023e5" />
    <UnitTestResult executionId="09b83c72-c9ab-4197-a28b-a9d4e28d0adb" testId="95861539-7453-81f4-6db1-004fdd320efb" testName="XUnitSample.SimpleTests.Slow_test" computerName="DEV-DESKTOP" duration="00:00:01.0132591" startTime="2024-11-12T22:57:01.9119739+00:00" endTime="2024-11-12T22:57:01.9119741+00:00" testType="13cdc9d9-ddb5-4fa4-a97d-d965ccfc6d4b" outcome="Passed" testListId="8c84fa94-04c1-424b-9868-57a2d4851a1d" relativeResultsDirectory="09b83c72-c9ab-4197-a28b-a9d4e28d0adb" />
    <UnitTestResult executionId="aab9f721-8a7c-4fc0-9a21-a277736d1b2a" testId="5ae19c2c-bf9f-b890-d75d-5c6348c55337" testName="XUnitSample.DataDriven.Two_pass_one_fails(arg: 1)" computerName="DEV-DESKTOP" duration="00:00:00.0001237" startTime="2024-11-12T22:57:01.9018587+00:00" endTime="2024-11-12T22:57:01.9018588+00:00" testType="13cdc9d9-ddb5-4fa4-a97d-d965ccfc6d4b" outcome="Failed" testListId="8c84fa94-04c1-424b-9868-57a2d4851a1d" relativeResultsDirectory="aab9f721-8a7c-4fc0-9a21-a277736d1b2a">
      <Output>
        <ErrorInfo>
          <Message>Failing for demo purposes&#xD;
Expected: True&#xD;
Actual:   False</Message>
          <StackTrace>   at XUnitSample.DataDriven.Two_pass_one_fails(Int32 arg) in C:\projects\trx2junit\samples\XUnitSample\DataDriven.cs:line 17&#xD;
   at System.RuntimeMethodHandle.InvokeMethod(Object target, Void** arguments, Signature sig, Boolean isConstructor)&#xD;
   at System.Reflection.MethodBaseInvoker.InvokeDirectByRefWithFewArgs(Object obj, Span`1 copyOfArgs, BindingFlags invokeAttr)</StackTrace>
        </ErrorInfo>
      </Output>
    </UnitTestResult>
    <UnitTestResult executionId="dd22a565-9448-4429-8b36-41670e377b0e" testId="a6e017b4-8b60-1f4f-14a2-c4fb102fe07d" testName="XUnitSample.MemberData.Slow_test" computerName="DEV-DESKTOP" duration="00:00:01.0134813" startTime="2024-11-12T22:57:01.9355698+00:00" endTime="2024-11-12T22:57:01.9355699+00:00" testType="13cdc9d9-ddb5-4fa4-a97d-d965ccfc6d4b" outcome="Passed" testListId="8c84fa94-04c1-424b-9868-57a2d4851a1d" relativeResultsDirectory="dd22a565-9448-4429-8b36-41670e377b0e" />
    <UnitTestResult executionId="33cea105-4995-4cf7-99a2-4210938ae007" testId="a4165991-a2d3-ed8e-00f3-f06b70f63c88" testName="XUnitSample.SimpleTests.Failing_test" computerName="DEV-DESKTOP" duration="00:00:00.0015077" startTime="2024-11-12T22:57:00.9013524+00:00" endTime="2024-11-12T22:57:00.9013645+00:00" testType="13cdc9d9-ddb5-4fa4-a97d-d965ccfc6d4b" outcome="Failed" testListId="8c84fa94-04c1-424b-9868-57a2d4851a1d" relativeResultsDirectory="33cea105-4995-4cf7-99a2-4210938ae007">
      <Output>
        <ErrorInfo>
          <Message>Failing for demo purposes&#xD;
Expected: True&#xD;
Actual:   False</Message>
          <StackTrace>   at XUnitSample.SimpleTests.Failing_test() in C:\projects\trx2junit\samples\XUnitSample\SimpleTests.cs:line 20&#xD;
   at System.RuntimeMethodHandle.InvokeMethod(Object target, Void** arguments, Signature sig, Boolean isConstructor)&#xD;
   at System.Reflection.MethodBaseInvoker.InvokeWithNoArgs(Object obj, BindingFlags invokeAttr)</StackTrace>
        </ErrorInfo>
      </Output>
    </UnitTestResult>
    <UnitTestResult executionId="68d61055-2ff2-4fb3-9adc-61636823d7fd" testId="225b4b67-b8e8-e001-c45d-3af5a6c71572" testName="XUnitSample.SimpleTests.Ignored_test" computerName="DEV-DESKTOP" duration="00:00:00.0010000" startTime="2024-11-12T22:57:01.9361449+00:00" endTime="2024-11-12T22:57:01.9361449+00:00" testType="13cdc9d9-ddb5-4fa4-a97d-d965ccfc6d4b" outcome="NotExecuted" testListId="8c84fa94-04c1-424b-9868-57a2d4851a1d" relativeResultsDirectory="68d61055-2ff2-4fb3-9adc-61636823d7fd">
      <Output>
        <StdOut>Ignoring for testing ;-)</StdOut>
      </Output>
    </UnitTestResult>
    <UnitTestResult executionId="19ec9005-5361-478a-bad7-a177c34982b0" testId="42b9dabc-50e2-3260-1c97-693f92e48a53" testName="XUnitSample.SimpleTests.Passing_test" computerName="DEV-DESKTOP" duration="00:00:00.0000810" startTime="2024-11-12T22:57:01.9354507+00:00" endTime="2024-11-12T22:57:01.9354508+00:00" testType="13cdc9d9-ddb5-4fa4-a97d-d965ccfc6d4b" outcome="Passed" testListId="8c84fa94-04c1-424b-9868-57a2d4851a1d" relativeResultsDirectory="19ec9005-5361-478a-bad7-a177c34982b0" />
    <UnitTestResult executionId="b307df6f-55ae-4a21-8f79-5f66f450398e" testId="452d3fa6-0698-f56d-5449-2587f368ee57" testName="XUnitSample.MemberData.Two_pass_one_fails(obj: { index = 1 })" computerName="DEV-DESKTOP" duration="00:00:00.0001797" startTime="2024-11-12T22:57:01.9393247+00:00" endTime="2024-11-12T22:57:01.9393248+00:00" testType="13cdc9d9-ddb5-4fa4-a97d-d965ccfc6d4b" outcome="Failed" testListId="8c84fa94-04c1-424b-9868-57a2d4851a1d" relativeResultsDirectory="b307df6f-55ae-4a21-8f79-5f66f450398e">
      <Output>
        <ErrorInfo>
          <Message>Failing for demo purposes&#xD;
Expected: True&#xD;
Actual:   False</Message>
          <StackTrace>   at XUnitSample.MemberData.Two_pass_one_fails(Object obj) in C:\projects\trx2junit\samples\XUnitSample\MemberData.cs:line 23&#xD;
   at InvokeStub_MemberData.Two_pass_one_fails(Object, Span`1)&#xD;
   at System.Reflection.MethodBaseInvoker.InvokeWithOneArg(Object obj, BindingFlags invokeAttr, Binder binder, Object[] parameters, CultureInfo culture)</StackTrace>
        </ErrorInfo>
      </Output>
    </UnitTestResult>
    <UnitTestResult executionId="d3f6c2fe-8ca5-41a6-adca-485a57ef8076" testId="452d3fa6-0698-f56d-5449-2587f368ee57" testName="XUnitSample.MemberData.Two_pass_one_fails(obj: { index = 2 })" computerName="DEV-DESKTOP" duration="00:00:00.0000065" startTime="2024-11-12T22:57:01.9393537+00:00" endTime="2024-11-12T22:57:01.9393537+00:00" testType="13cdc9d9-ddb5-4fa4-a97d-d965ccfc6d4b" outcome="Passed" testListId="8c84fa94-04c1-424b-9868-57a2d4851a1d" relativeResultsDirectory="d3f6c2fe-8ca5-41a6-adca-485a57ef8076" />
    <UnitTestResult executionId="c8d25d2d-7835-4fc1-98a9-d21e2d260774" testId="452d3fa6-0698-f56d-5449-2587f368ee57" testName="XUnitSample.MemberData.Two_pass_one_fails(obj: { index = 0 })" computerName="DEV-DESKTOP" duration="00:00:00.0235430" startTime="2024-11-12T22:57:01.9386930+00:00" endTime="2024-11-12T22:57:01.9386931+00:00" testType="13cdc9d9-ddb5-4fa4-a97d-d965ccfc6d4b" outcome="Passed" testListId="8c84fa94-04c1-424b-9868-57a2d4851a1d" relativeResultsDirectory="c8d25d2d-7835-4fc1-98a9-d21e2d260774" />
    <UnitTestResult executionId="a672101f-b7cf-48b9-bc7c-a40b4990ab29" testId="ef17caa0-0b32-c82d-88c3-ad7c5b73824f" testName="XUnitSample.DataDriven.Slow_test" computerName="DEV-DESKTOP" duration="00:00:01.0076727" startTime="2024-11-12T22:57:01.9002581+00:00" endTime="2024-11-12T22:57:01.9002583+00:00" testType="13cdc9d9-ddb5-4fa4-a97d-d965ccfc6d4b" outcome="Passed" testListId="8c84fa94-04c1-424b-9868-57a2d4851a1d" relativeResultsDirectory="a672101f-b7cf-48b9-bc7c-a40b4990ab29" />
  </Results>
  <TestDefinitions>
    <UnitTest name="XUnitSample.SimpleTests.Failing_test" storage="c:\projects\trx2junit\samples\artifacts\bin\xunitsample\debug\xunitsample.dll" id="a4165991-a2d3-ed8e-00f3-f06b70f63c88">
      <Execution id="33cea105-4995-4cf7-99a2-4210938ae007" />
      <TestMethod codeBase="C:\projects\trx2junit\samples\artifacts\bin\XUnitSample\debug\XUnitSample.dll" adapterTypeName="executor://xunit/VsTestRunner2/netcoreapp" className="XUnitSample.SimpleTests" name="Failing_test" />
    </UnitTest>
    <UnitTest name="XUnitSample.MemberData.Two_pass_one_fails" storage="c:\projects\trx2junit\samples\artifacts\bin\xunitsample\debug\xunitsample.dll" id="452d3fa6-0698-f56d-5449-2587f368ee57">
      <Execution id="c8d25d2d-7835-4fc1-98a9-d21e2d260774" />
      <TestMethod codeBase="C:\projects\trx2junit\samples\artifacts\bin\XUnitSample\debug\XUnitSample.dll" adapterTypeName="executor://xunit/VsTestRunner2/netcoreapp" className="XUnitSample.MemberData" name="Two_pass_one_fails" />
    </UnitTest>
    <UnitTest name="XUnitSample.MemberData.Slow_test" storage="c:\projects\trx2junit\samples\artifacts\bin\xunitsample\debug\xunitsample.dll" id="a6e017b4-8b60-1f4f-14a2-c4fb102fe07d">
      <Execution id="dd22a565-9448-4429-8b36-41670e377b0e" />
      <TestMethod codeBase="C:\projects\trx2junit\samples\artifacts\bin\XUnitSample\debug\XUnitSample.dll" adapterTypeName="executor://xunit/VsTestRunner2/netcoreapp" className="XUnitSample.MemberData" name="Slow_test" />
    </UnitTest>
    <UnitTest name="XUnitSample.DataDriven.Slow_test" storage="c:\projects\trx2junit\samples\artifacts\bin\xunitsample\debug\xunitsample.dll" id="ef17caa0-0b32-c82d-88c3-ad7c5b73824f">
      <Execution id="a672101f-b7cf-48b9-bc7c-a40b4990ab29" />
      <TestMethod codeBase="C:\projects\trx2junit\samples\artifacts\bin\XUnitSample\debug\XUnitSample.dll" adapterTypeName="executor://xunit/VsTestRunner2/netcoreapp" className="XUnitSample.DataDriven" name="Slow_test" />
    </UnitTest>
    <UnitTest name="XUnitSample.SimpleTests.Slow_test" storage="c:\projects\trx2junit\samples\artifacts\bin\xunitsample\debug\xunitsample.dll" id="95861539-7453-81f4-6db1-004fdd320efb">
      <Execution id="09b83c72-c9ab-4197-a28b-a9d4e28d0adb" />
      <TestMethod codeBase="C:\projects\trx2junit\samples\artifacts\bin\XUnitSample\debug\XUnitSample.dll" adapterTypeName="executor://xunit/VsTestRunner2/netcoreapp" className="XUnitSample.SimpleTests" name="Slow_test" />
    </UnitTest>
    <UnitTest name="XUnitSample.MemberData.Failing_test" storage="c:\projects\trx2junit\samples\artifacts\bin\xunitsample\debug\xunitsample.dll" id="5eb02706-c05c-c61c-b55d-e0cf11c1ff83">
      <Execution id="ff61a42d-c0d8-442b-83a4-4ccbe7f75202" />
      <TestMethod codeBase="C:\projects\trx2junit\samples\artifacts\bin\XUnitSample\debug\XUnitSample.dll" adapterTypeName="executor://xunit/VsTestRunner2/netcoreapp" className="XUnitSample.MemberData" name="Failing_test" />
    </UnitTest>
    <UnitTest name="XUnitSample.SimpleTests.Passing_test" storage="c:\projects\trx2junit\samples\artifacts\bin\xunitsample\debug\xunitsample.dll" id="42b9dabc-50e2-3260-1c97-693f92e48a53">
      <Execution id="19ec9005-5361-478a-bad7-a177c34982b0" />
      <TestMethod codeBase="C:\projects\trx2junit\samples\artifacts\bin\XUnitSample\debug\XUnitSample.dll" adapterTypeName="executor://xunit/VsTestRunner2/netcoreapp" className="XUnitSample.SimpleTests" name="Passing_test" />
    </UnitTest>
    <UnitTest name="XUnitSample.DataDriven.Two_pass_one_fails(arg: 0)" storage="c:\projects\trx2junit\samples\artifacts\bin\xunitsample\debug\xunitsample.dll" id="64cef5f2-ef71-a37c-f9df-3f03d7849295">
      <Execution id="fc3e3831-056e-43c0-b332-e6dcacec05aa" />
      <TestMethod codeBase="C:\projects\trx2junit\samples\artifacts\bin\XUnitSample\debug\XUnitSample.dll" adapterTypeName="executor://xunit/VsTestRunner2/netcoreapp" className="XUnitSample.DataDriven" name="Two_pass_one_fails" />
    </UnitTest>
    <UnitTest name="XUnitSample.SimpleTests.Ignored_test" storage="c:\projects\trx2junit\samples\artifacts\bin\xunitsample\debug\xunitsample.dll" id="225b4b67-b8e8-e001-c45d-3af5a6c71572">
      <Execution id="68d61055-2ff2-4fb3-9adc-61636823d7fd" />
      <TestMethod codeBase="C:\projects\trx2junit\samples\artifacts\bin\XUnitSample\debug\XUnitSample.dll" adapterTypeName="executor://xunit/VsTestRunner2/netcoreapp" className="XUnitSample.SimpleTests" name="Ignored_test" />
    </UnitTest>
    <UnitTest name="XUnitSample.DataDriven.Two_pass_one_fails(arg: 1)" storage="c:\projects\trx2junit\samples\artifacts\bin\xunitsample\debug\xunitsample.dll" id="5ae19c2c-bf9f-b890-d75d-5c6348c55337">
      <Execution id="aab9f721-8a7c-4fc0-9a21-a277736d1b2a" />
      <TestMethod codeBase="C:\projects\trx2junit\samples\artifacts\bin\XUnitSample\debug\XUnitSample.dll" adapterTypeName="executor://xunit/VsTestRunner2/netcoreapp" className="XUnitSample.DataDriven" name="Two_pass_one_fails" />
    </UnitTest>
    <UnitTest name="XUnitSample.DataDriven.Two_pass_one_fails(arg: 2)" storage="c:\projects\trx2junit\samples\artifacts\bin\xunitsample\debug\xunitsample.dll" id="e73bdfc4-d932-676a-10b0-66bc277da6a8">
      <Execution id="2eebf21c-55e7-4924-8282-046c5f9023e5" />
      <TestMethod codeBase="C:\projects\trx2junit\samples\artifacts\bin\XUnitSample\debug\XUnitSample.dll" adapterTypeName="executor://xunit/VsTestRunner2/netcoreapp" className="XUnitSample.DataDriven" name="Two_pass_one_fails" />
    </UnitTest>
    <UnitTest name="XUnitSample.DataDriven.Failing_test" storage="c:\projects\trx2junit\samples\artifacts\bin\xunitsample\debug\xunitsample.dll" id="932cdb9b-c6e1-1aa1-ab25-7b1cf6c0a872">
      <Execution id="43123271-a0a0-464d-b840-bac736b7b2c4" />
      <TestMethod codeBase="C:\projects\trx2junit\samples\artifacts\bin\XUnitSample\debug\XUnitSample.dll" adapterTypeName="executor://xunit/VsTestRunner2/netcoreapp" className="XUnitSample.DataDriven" name="Failing_test" />
    </UnitTest>
  </TestDefinitions>
  <TestEntries>
    <TestEntry testId="64cef5f2-ef71-a37c-f9df-3f03d7849295" executionId="fc3e3831-056e-43c0-b332-e6dcacec05aa" testListId="8c84fa94-04c1-424b-9868-57a2d4851a1d" />
    <TestEntry testId="932cdb9b-c6e1-1aa1-ab25-7b1cf6c0a872" executionId="43123271-a0a0-464d-b840-bac736b7b2c4" testListId="8c84fa94-04c1-424b-9868-57a2d4851a1d" />
    <TestEntry testId="5eb02706-c05c-c61c-b55d-e0cf11c1ff83" executionId="ff61a42d-c0d8-442b-83a4-4ccbe7f75202" testListId="8c84fa94-04c1-424b-9868-57a2d4851a1d" />
    <TestEntry testId="e73bdfc4-d932-676a-10b0-66bc277da6a8" executionId="2eebf21c-55e7-4924-8282-046c5f9023e5" testListId="8c84fa94-04c1-424b-9868-57a2d4851a1d" />
    <TestEntry testId="95861539-7453-81f4-6db1-004fdd320efb" executionId="09b83c72-c9ab-4197-a28b-a9d4e28d0adb" testListId="8c84fa94-04c1-424b-9868-57a2d4851a1d" />
    <TestEntry testId="5ae19c2c-bf9f-b890-d75d-5c6348c55337" executionId="aab9f721-8a7c-4fc0-9a21-a277736d1b2a" testListId="8c84fa94-04c1-424b-9868-57a2d4851a1d" />
    <TestEntry testId="a6e017b4-8b60-1f4f-14a2-c4fb102fe07d" executionId="dd22a565-9448-4429-8b36-41670e377b0e" testListId="8c84fa94-04c1-424b-9868-57a2d4851a1d" />
    <TestEntry testId="a4165991-a2d3-ed8e-00f3-f06b70f63c88" executionId="33cea105-4995-4cf7-99a2-4210938ae007" testListId="8c84fa94-04c1-424b-9868-57a2d4851a1d" />
    <TestEntry testId="225b4b67-b8e8-e001-c45d-3af5a6c71572" executionId="68d61055-2ff2-4fb3-9adc-61636823d7fd" testListId="8c84fa94-04c1-424b-9868-57a2d4851a1d" />
    <TestEntry testId="42b9dabc-50e2-3260-1c97-693f92e48a53" executionId="19ec9005-5361-478a-bad7-a177c34982b0" testListId="8c84fa94-04c1-424b-9868-57a2d4851a1d" />
    <TestEntry testId="452d3fa6-0698-f56d-5449-2587f368ee57" executionId="b307df6f-55ae-4a21-8f79-5f66f450398e" testListId="8c84fa94-04c1-424b-9868-57a2d4851a1d" />
    <TestEntry testId="452d3fa6-0698-f56d-5449-2587f368ee57" executionId="d3f6c2fe-8ca5-41a6-adca-485a57ef8076" testListId="8c84fa94-04c1-424b-9868-57a2d4851a1d" />
    <TestEntry testId="452d3fa6-0698-f56d-5449-2587f368ee57" executionId="c8d25d2d-7835-4fc1-98a9-d21e2d260774" testListId="8c84fa94-04c1-424b-9868-57a2d4851a1d" />
    <TestEntry testId="ef17caa0-0b32-c82d-88c3-ad7c5b73824f" executionId="a672101f-b7cf-48b9-bc7c-a40b4990ab29" testListId="8c84fa94-04c1-424b-9868-57a2d4851a1d" />
  </TestEntries>
  <TestLists>
    <TestList name="Results Not in a List" id="8c84fa94-04c1-424b-9868-57a2d4851a1d" />
    <TestList name="All Loaded Results" id="19431567-8539-422a-85d7-44ee4e166bda" />
  </TestLists>
  <ResultSummary outcome="Failed">
    <Counters total="14" executed="13" passed="8" failed="5" error="0" timeout="0" aborted="0" inconclusive="0" passedButRunAborted="0" notRunnable="0" notExecuted="0" disconnected="0" warning="0" completed="0" inProgress="0" pending="0" />
    <Output>
      <StdOut>[xUnit.net 00:00:00.00] xUnit.net VSTest Adapter v2.4.5+1caef2f33e (64-bit .NET 8.0.8)&#xD;
[xUnit.net 00:00:00.24]   Discovering: XUnitSample&#xD;
[xUnit.net 00:00:00.26]   Discovered:  XUnitSample&#xD;
[xUnit.net 00:00:00.27]   Starting:    XUnitSample&#xD;
[xUnit.net 00:00:00.30]       Failing for demo purposes&#xD;
[xUnit.net 00:00:00.30]       Expected: True&#xD;
[xUnit.net 00:00:00.30]       Actual:   False&#xD;
[xUnit.net 00:00:00.30]       Stack Trace:&#xD;
[xUnit.net 00:00:00.30]         C:\projects\trx2junit\samples\XUnitSample\SimpleTests.cs(20,0): at XUnitSample.SimpleTests.Failing_test()&#xD;
[xUnit.net 00:00:00.30]            at System.RuntimeMethodHandle.InvokeMethod(Object target, Void** arguments, Signature sig, Boolean isConstructor)&#xD;
[xUnit.net 00:00:00.30]            at System.Reflection.MethodBaseInvoker.InvokeWithNoArgs(Object obj, BindingFlags invokeAttr)&#xD;
[xUnit.net 00:00:00.30]       Failing for demo purposes&#xD;
[xUnit.net 00:00:00.30]       Expected: True&#xD;
[xUnit.net 00:00:00.30]       Actual:   False&#xD;
[xUnit.net 00:00:00.30]       Stack Trace:&#xD;
[xUnit.net 00:00:00.30]         C:\projects\trx2junit\samples\XUnitSample\MemberData.cs(32,0): at XUnitSample.MemberData.Failing_test()&#xD;
[xUnit.net 00:00:00.30]            at System.RuntimeMethodHandle.InvokeMethod(Object target, Void** arguments, Signature sig, Boolean isConstructor)&#xD;
[xUnit.net 00:00:00.30]            at System.Reflection.MethodBaseInvoker.InvokeWithNoArgs(Object obj, BindingFlags invokeAttr)&#xD;
[xUnit.net 00:00:01.30]       Failing for demo purposes&#xD;
[xUnit.net 00:00:01.30]       Expected: True&#xD;
[xUnit.net 00:00:01.30]       Actual:   False&#xD;
[xUnit.net 00:00:01.30]       Stack Trace:&#xD;
[xUnit.net 00:00:01.30]         C:\projects\trx2junit\samples\XUnitSample\DataDriven.cs(26,0): at XUnitSample.DataDriven.Failing_test()&#xD;
[xUnit.net 00:00:01.30]            at System.RuntimeMethodHandle.InvokeMethod(Object target, Void** arguments, Signature sig, Boolean isConstructor)&#xD;
[xUnit.net 00:00:01.30]            at System.Reflection.MethodBaseInvoker.InvokeWithNoArgs(Object obj, BindingFlags invokeAttr)&#xD;
[xUnit.net 00:00:01.30]       Failing for demo purposes&#xD;
[xUnit.net 00:00:01.30]       Expected: True&#xD;
[xUnit.net 00:00:01.30]       Actual:   False&#xD;
[xUnit.net 00:00:01.30]       Stack Trace:&#xD;
[xUnit.net 00:00:01.30]         C:\projects\trx2junit\samples\XUnitSample\DataDriven.cs(17,0): at XUnitSample.DataDriven.Two_pass_one_fails(Int32 arg)&#xD;
[xUnit.net 00:00:01.30]            at System.RuntimeMethodHandle.InvokeMethod(Object target, Void** arguments, Signature sig, Boolean isConstructor)&#xD;
[xUnit.net 00:00:01.30]            at System.Reflection.MethodBaseInvoker.InvokeDirectByRefWithFewArgs(Object obj, Span`1 copyOfArgs, BindingFlags invokeAttr)&#xD;
[xUnit.net 00:00:01.34]       Ignoring for testing ;-)&#xD;
[xUnit.net 00:00:01.34]       Failing for demo purposes&#xD;
[xUnit.net 00:00:01.34]       Expected: True&#xD;
[xUnit.net 00:00:01.34]       Actual:   False&#xD;
[xUnit.net 00:00:01.34]       Stack Trace:&#xD;
[xUnit.net 00:00:01.34]         C:\projects\trx2junit\samples\XUnitSample\MemberData.cs(23,0): at XUnitSample.MemberData.Two_pass_one_fails(Object obj)&#xD;
[xUnit.net 00:00:01.34]            at InvokeStub_MemberData.Two_pass_one_fails(Object, Span`1)&#xD;
[xUnit.net 00:00:01.34]            at System.Reflection.MethodBaseInvoker.InvokeWithOneArg(Object obj, BindingFlags invokeAttr, Binder binder, Object[] parameters, CultureInfo culture)&#xD;
[xUnit.net 00:00:01.34]   Finished:    XUnitSample&#xD;
Test 'XUnitSample.SimpleTests.Ignored_test' was skipped in the test run.&#xD;
</StdOut>
    </Output>
    <RunInfos>
      <RunInfo computerName="DEV-DESKTOP" outcome="Error" timestamp="2024-11-12T22:57:00.9000200+00:00">
        <Text>[xUnit.net 00:00:00.30]     XUnitSample.SimpleTests.Failing_test [FAIL]</Text>
      </RunInfo>
      <RunInfo computerName="DEV-DESKTOP" outcome="Error" timestamp="2024-11-12T22:57:00.9030417+00:00">
        <Text>[xUnit.net 00:00:00.30]     XUnitSample.MemberData.Failing_test [FAIL]</Text>
      </RunInfo>
      <RunInfo computerName="DEV-DESKTOP" outcome="Error" timestamp="2024-11-12T22:57:01.9015766+00:00">
        <Text>[xUnit.net 00:00:01.30]     XUnitSample.DataDriven.Failing_test [FAIL]</Text>
      </RunInfo>
      <RunInfo computerName="DEV-DESKTOP" outcome="Error" timestamp="2024-11-12T22:57:01.9021432+00:00">
        <Text>[xUnit.net 00:00:01.30]     XUnitSample.DataDriven.Two_pass_one_fails(arg: 1) [FAIL]</Text>
      </RunInfo>
      <RunInfo computerName="DEV-DESKTOP" outcome="Warning" timestamp="2024-11-12T22:57:01.9747270+00:00">
        <Text>[xUnit.net 00:00:01.34]     XUnitSample.SimpleTests.Ignored_test [SKIP]</Text>
      </RunInfo>
      <RunInfo computerName="DEV-DESKTOP" outcome="Error" timestamp="2024-11-12T22:57:01.9751260+00:00">
        <Text>[xUnit.net 00:00:01.34]     XUnitSample.MemberData.Two_pass_one_fails(obj: { index = 1 }) [FAIL]</Text>
      </RunInfo>
    </RunInfos>
  </ResultSummary>
</TestRun>